<?xml version="1.0" encoding="UTF-8"?>
<testng-results total="1" passed="1" failed="0" skipped="0">
  <reporter-output>
  </reporter-output>
  <suite started-at="2019-10-27T22:25:22Z" name="Default suite" finished-at="2019-10-27T22:25:23Z" duration-ms="690">
    <groups>
    </groups>
    <test started-at="2019-10-27T22:25:22Z" name="Default test" finished-at="2019-10-27T22:25:23Z" duration-ms="690">
      <class name="EncryptorDecryptorTest">
        <test-method signature="testEncryptDecryptWithDifferentSecrets(java.lang.String, java.lang.String)[pri:0, instance:EncryptorDecryptorTest@f5958c9]" started-at="2019-10-27T15:25:22Z" name="testEncryptDecryptWithDifferentSecrets" data-provider="get-secrets" finished-at="2019-10-27T15:25:23Z" duration-ms="665" status="PASS">
          <params>
            <param index="0">
              <value>
                <![CDATA[dummy-string]]>
              </value>
            </param>
            <param index="1">
              <value>
                <![CDATA[dummy-secret]]>
              </value>
            </param>
          </params>
          <reporter-output>
          </reporter-output>
        </test-method> <!-- testEncryptDecryptWithDifferentSecrets -->
      </class> <!-- EncryptorDecryptorTest -->
    </test> <!-- Default test -->
  </suite> <!-- Default suite -->
</testng-results>
